# JRE version: OpenJDK Runtime Environment (11.0.8+10) (build 11.0.8+10-b944.6842174)
# Java VM: OpenJDK 64-Bit Server VM (11.0.8+10-b944.6842174, mixed mode, tiered, compressed oops, g1 gc, windows-amd64)
Heap:
 garbage-first heap   total 315392K, used 177608K [0x0000000080000000, 0x0000000100000000)
  region size 1024K, 121 young (123904K), 14 survivors (14336K)
 Metaspace       used 50332K, capacity 51680K, committed 51916K, reserved 1093632K
  class space    used 6326K, capacity 6746K, committed 6860K, reserved 1048576K
GC Heap History (20 events):
Event: 0.390 GC heap before
{Heap before GC invocations=0 (full 0):
 garbage-first heap   total 262144K, used 19456K [0x0000000080000000, 0x0000000100000000)
  region size 1024K, 14 young (14336K), 0 survivors (0K)
 Metaspace       used 7399K, capacity 7571K, committed 7680K, reserved 1056768K
  class space    used 671K, capacity 716K, committed 768K, reserved 1048576K
}
Event: 0.402 GC heap after
{Heap after GC invocations=1 (full 0):
 garbage-first heap   total 262144K, used 8446K [0x0000000080000000, 0x0000000100000000)
  region size 1024K, 2 young (2048K), 2 survivors (2048K)
 Metaspace       used 7399K, capacity 7571K, committed 7680K, reserved 1056768K
  class space    used 671K, capacity 716K, committed 768K, reserved 1048576K
}
Event: 0.662 GC heap before
{Heap before GC invocations=1 (full 0):
 garbage-first heap   total 262144K, used 23806K [0x0000000080000000, 0x0000000100000000)
  region size 1024K, 17 young (17408K), 2 survivors (2048K)
 Metaspace       used 10877K, capacity 11132K, committed 11264K, reserved 1058816K
  class space    used 1145K, capacity 1201K, committed 1280K, reserved 1048576K
}
Event: 0.664 GC heap after
{Heap after GC invocations=2 (full 0):
 garbage-first heap   total 262144K, used 8839K [0x0000000080000000, 0x0000000100000000)
  region size 1024K, 3 young (3072K), 3 survivors (3072K)
 Metaspace       used 10877K, capacity 11132K, committed 11264K, reserved 1058816K
  class space    used 1145K, capacity 1201K, committed 1280K, reserved 1048576K
}
Event: 0.843 GC heap before
{Heap before GC invocations=2 (full 0):
 garbage-first heap   total 262144K, used 31367K [0x0000000080000000, 0x0000000100000000)
  region size 1024K, 26 young (26624K), 3 survivors (3072K)
 Metaspace       used 11001K, capacity 11260K, committed 11520K, reserved 1058816K
  class space    used 1145K, capacity 1201K, committed 1280K, reserved 1048576K
}
Event: 0.846 GC heap after
{Heap after GC invocations=3 (full 0):
 garbage-first heap   total 262144K, used 12474K [0x0000000080000000, 0x0000000100000000)
  region size 1024K, 4 young (4096K), 4 survivors (4096K)
 Metaspace       used 11001K, capacity 11260K, committed 11520K, reserved 1058816K
  class space    used 1145K, capacity 1201K, committed 1280K, reserved 1048576K
}
Event: 1.468 GC heap before
{Heap before GC invocations=3 (full 0):
 garbage-first heap   total 262144K, used 52410K [0x0000000080000000, 0x0000000100000000)
  region size 1024K, 43 young (44032K), 4 survivors (4096K)
 Metaspace       used 18197K, capacity 18709K, committed 19072K, reserved 1067008K
  class space    used 2178K, capacity 2305K, committed 2432K, reserved 1048576K
}
Event: 1.473 GC heap after
{Heap after GC invocations=4 (full 0):
 garbage-first heap   total 262144K, used 16045K [0x0000000080000000, 0x0000000100000000)
  region size 1024K, 4 young (4096K), 4 survivors (4096K)
 Metaspace       used 18197K, capacity 18709K, committed 19072K, reserved 1067008K
  class space    used 2178K, capacity 2305K, committed 2432K, reserved 1048576K
}
Event: 1.651 GC heap before
{Heap before GC invocations=4 (full 0):
 garbage-first heap   total 262144K, used 32429K [0x0000000080000000, 0x0000000100000000)
  region size 1024K, 21 young (21504K), 4 survivors (4096K)
 Metaspace       used 20542K, capacity 21066K, committed 21248K, reserved 1067008K
  class space    used 2516K, capacity 2691K, committed 2816K, reserved 1048576K
}
Event: 1.654 GC heap after
{Heap after GC invocations=5 (full 0):
 garbage-first heap   total 262144K, used 16671K [0x0000000080000000, 0x0000000100000000)
  region size 1024K, 5 young (5120K), 5 survivors (5120K)
 Metaspace       used 20542K, capacity 21066K, committed 21248K, reserved 1067008K
  class space    used 2516K, capacity 2691K, committed 2816K, reserved 1048576K
}
Event: 2.745 GC heap before
{Heap before GC invocations=6 (full 0):
 garbage-first heap   total 262144K, used 87327K [0x0000000080000000, 0x0000000100000000)
  region size 1024K, 66 young (67584K), 5 survivors (5120K)
 Metaspace       used 26901K, capacity 27749K, committed 27904K, reserved 1073152K
  class space    used 3532K, capacity 3791K, committed 3840K, reserved 1048576K
}
Event: 2.753 GC heap after
{Heap after GC invocations=7 (full 0):
 garbage-first heap   total 262144K, used 30167K [0x0000000080000000, 0x0000000100000000)
  region size 1024K, 9 young (9216K), 9 survivors (9216K)
 Metaspace       used 26901K, capacity 27749K, committed 27904K, reserved 1073152K
  class space    used 3532K, capacity 3791K, committed 3840K, reserved 1048576K
}
Event: 3.602 GC heap before
{Heap before GC invocations=7 (full 0):
 garbage-first heap   total 262144K, used 75223K [0x0000000080000000, 0x0000000100000000)
  region size 1024K, 54 young (55296K), 9 survivors (9216K)
 Metaspace       used 34932K, capacity 35806K, committed 35840K, reserved 1081344K
  class space    used 4550K, capacity 4841K, committed 4864K, reserved 1048576K
}
Event: 3.613 GC heap after
{Heap after GC invocations=8 (full 0):
 garbage-first heap   total 262144K, used 33773K [0x0000000080000000, 0x0000000100000000)
  region size 1024K, 12 young (12288K), 12 survivors (12288K)
 Metaspace       used 34932K, capacity 35806K, committed 35840K, reserved 1081344K
  class space    used 4550K, capacity 4841K, committed 4864K, reserved 1048576K
}
Event: 5.335 GC heap before
{Heap before GC invocations=9 (full 0):
 garbage-first heap   total 262144K, used 188397K [0x0000000080000000, 0x0000000100000000)
  region size 1024K, 153 young (156672K), 12 survivors (12288K)
 Metaspace       used 48642K, capacity 50008K, committed 50124K, reserved 1093632K
  class space    used 6184K, capacity 6599K, committed 6604K, reserved 1048576K
}
Event: 5.350 GC heap after
{Heap after GC invocations=10 (full 0):
 garbage-first heap   total 262144K, used 51877K [0x0000000080000000, 0x0000000100000000)
  region size 1024K, 20 young (20480K), 20 survivors (20480K)
 Metaspace       used 48642K, capacity 50008K, committed 50124K, reserved 1093632K
  class space    used 6184K, capacity 6599K, committed 6604K, reserved 1048576K
}
Event: 6.197 GC heap before
{Heap before GC invocations=10 (full 0):
 garbage-first heap   total 262144K, used 190117K [0x0000000080000000, 0x0000000100000000)
  region size 1024K, 152 young (155648K), 20 survivors (20480K)
 Metaspace       used 50298K, capacity 51680K, committed 51916K, reserved 1093632K
  class space    used 6324K, capacity 6746K, committed 6860K, reserved 1048576K
}
Event: 6.212 GC heap after
{Heap after GC invocations=11 (full 0):
 garbage-first heap   total 315392K, used 65480K [0x0000000080000000, 0x0000000100000000)
  region size 1024K, 10 young (10240K), 10 survivors (10240K)
 Metaspace       used 50298K, capacity 51680K, committed 51916K, reserved 1093632K
  class space    used 6324K, capacity 6746K, committed 6860K, reserved 1048576K
}
Event: 6.631 GC heap before
{Heap before GC invocations=11 (full 0):
 garbage-first heap   total 315392K, used 233416K [0x0000000080000000, 0x0000000100000000)
  region size 1024K, 175 young (179200K), 10 survivors (10240K)
 Metaspace       used 50330K, capacity 51680K, committed 51916K, reserved 1093632K
  class space    used 6325K, capacity 6746K, committed 6860K, reserved 1048576K
}
Event: 6.637 GC heap after
{Heap after GC invocations=12 (full 0):
 garbage-first heap   total 315392K, used 69064K [0x0000000080000000, 0x0000000100000000)
  region size 1024K, 14 young (14336K), 14 survivors (14336K)
 Metaspace       used 50330K, capacity 51680K, committed 51916K, reserved 1093632K
  class space    used 6325K, capacity 6746K, committed 6860K, reserved 1048576K
}

