# JRE version: OpenJDK Runtime Environment (11.0.8+10) (build 11.0.8+10-b944.6842174)
# Java VM: OpenJDK 64-Bit Server VM (11.0.8+10-b944.6842174, mixed mode, tiered, compressed oops, g1 gc, windows-amd64)
Heap:
 garbage-first heap   total 343040K, used 217909K [0x0000000080000000, 0x0000000100000000)
  region size 1024K, 159 young (162816K), 13 survivors (13312K)
 Metaspace       used 47320K, capacity 48748K, committed 48976K, reserved 1091584K
  class space    used 6029K, capacity 6454K, committed 6528K, reserved 1048576K
GC Heap History (18 events):
Event: 0.383 GC heap before
{Heap before GC invocations=0 (full 0):
 garbage-first heap   total 262144K, used 19456K [0x0000000080000000, 0x0000000100000000)
  region size 1024K, 14 young (14336K), 0 survivors (0K)
 Metaspace       used 7380K, capacity 7511K, committed 7680K, reserved 1056768K
  class space    used 671K, capacity 716K, committed 768K, reserved 1048576K
}
Event: 0.386 GC heap after
{Heap after GC invocations=1 (full 0):
 garbage-first heap   total 262144K, used 8157K [0x0000000080000000, 0x0000000100000000)
  region size 1024K, 2 young (2048K), 2 survivors (2048K)
 Metaspace       used 7380K, capacity 7511K, committed 7680K, reserved 1056768K
  class space    used 671K, capacity 716K, committed 768K, reserved 1048576K
}
Event: 0.654 GC heap before
{Heap before GC invocations=1 (full 0):
 garbage-first heap   total 262144K, used 23517K [0x0000000080000000, 0x0000000100000000)
  region size 1024K, 17 young (17408K), 2 survivors (2048K)
 Metaspace       used 10883K, capacity 11136K, committed 11264K, reserved 1058816K
  class space    used 1145K, capacity 1201K, committed 1280K, reserved 1048576K
}
Event: 0.656 GC heap after
{Heap after GC invocations=2 (full 0):
 garbage-first heap   total 262144K, used 9087K [0x0000000080000000, 0x0000000100000000)
  region size 1024K, 1 young (1024K), 1 survivors (1024K)
 Metaspace       used 10883K, capacity 11136K, committed 11264K, reserved 1058816K
  class space    used 1145K, capacity 1201K, committed 1280K, reserved 1048576K
}
Event: 0.867 GC heap before
{Heap before GC invocations=2 (full 0):
 garbage-first heap   total 262144K, used 31615K [0x0000000080000000, 0x0000000100000000)
  region size 1024K, 24 young (24576K), 1 survivors (1024K)
 Metaspace       used 10981K, capacity 11200K, committed 11520K, reserved 1058816K
  class space    used 1145K, capacity 1201K, committed 1280K, reserved 1048576K
}
Event: 0.878 GC heap after
{Heap after GC invocations=3 (full 0):
 garbage-first heap   total 262144K, used 12627K [0x0000000080000000, 0x0000000100000000)
  region size 1024K, 3 young (3072K), 3 survivors (3072K)
 Metaspace       used 10981K, capacity 11200K, committed 11520K, reserved 1058816K
  class space    used 1145K, capacity 1201K, committed 1280K, reserved 1048576K
}
Event: 1.474 GC heap before
{Heap before GC invocations=3 (full 0):
 garbage-first heap   total 262144K, used 50515K [0x0000000080000000, 0x0000000100000000)
  region size 1024K, 40 young (40960K), 3 survivors (3072K)
 Metaspace       used 17730K, capacity 18201K, committed 18432K, reserved 1064960K
  class space    used 2106K, capacity 2241K, committed 2304K, reserved 1048576K
}
Event: 1.479 GC heap after
{Heap after GC invocations=4 (full 0):
 garbage-first heap   total 262144K, used 15843K [0x0000000080000000, 0x0000000100000000)
  region size 1024K, 5 young (5120K), 5 survivors (5120K)
 Metaspace       used 17730K, capacity 18201K, committed 18432K, reserved 1064960K
  class space    used 2106K, capacity 2241K, committed 2304K, reserved 1048576K
}
Event: 1.654 GC heap before
{Heap before GC invocations=4 (full 0):
 garbage-first heap   total 262144K, used 34275K [0x0000000080000000, 0x0000000100000000)
  region size 1024K, 24 young (24576K), 5 survivors (5120K)
 Metaspace       used 20553K, capacity 21127K, committed 21296K, reserved 1069056K
  class space    used 2512K, capacity 2688K, committed 2688K, reserved 1048576K
}
Event: 1.657 GC heap after
{Heap after GC invocations=5 (full 0):
 garbage-first heap   total 262144K, used 16832K [0x0000000080000000, 0x0000000100000000)
  region size 1024K, 4 young (4096K), 4 survivors (4096K)
 Metaspace       used 20553K, capacity 21127K, committed 21296K, reserved 1069056K
  class space    used 2512K, capacity 2688K, committed 2688K, reserved 1048576K
}
Event: 2.134 GC heap before
{Heap before GC invocations=6 (full 0):
 garbage-first heap   total 262144K, used 69056K [0x0000000080000000, 0x0000000100000000)
  region size 1024K, 53 young (54272K), 4 survivors (4096K)
 Metaspace       used 25909K, capacity 26607K, committed 26752K, reserved 1073152K
  class space    used 3374K, capacity 3602K, committed 3712K, reserved 1048576K
}
Event: 2.151 GC heap after
{Heap after GC invocations=7 (full 0):
 garbage-first heap   total 262144K, used 21519K [0x0000000080000000, 0x0000000100000000)
  region size 1024K, 7 young (7168K), 7 survivors (7168K)
 Metaspace       used 25909K, capacity 26607K, committed 26752K, reserved 1073152K
  class space    used 3374K, capacity 3602K, committed 3712K, reserved 1048576K
}
Event: 2.839 GC heap before
{Heap before GC invocations=7 (full 0):
 garbage-first heap   total 262144K, used 86031K [0x0000000080000000, 0x0000000100000000)
  region size 1024K, 65 young (66560K), 7 survivors (7168K)
 Metaspace       used 35187K, capacity 35968K, committed 36048K, reserved 1081344K
  class space    used 4565K, capacity 4829K, committed 4864K, reserved 1048576K
}
Event: 2.850 GC heap after
{Heap after GC invocations=8 (full 0):
 garbage-first heap   total 262144K, used 35176K [0x0000000080000000, 0x0000000100000000)
  region size 1024K, 13 young (13312K), 13 survivors (13312K)
 Metaspace       used 35187K, capacity 35968K, committed 36048K, reserved 1081344K
  class space    used 4565K, capacity 4829K, committed 4864K, reserved 1048576K
}
Event: 4.404 GC heap before
{Heap before GC invocations=9 (full 0):
 garbage-first heap   total 262144K, used 188776K [0x0000000080000000, 0x0000000100000000)
  region size 1024K, 153 young (156672K), 13 survivors (13312K)
 Metaspace       used 46832K, capacity 48133K, committed 48464K, reserved 1091584K
  class space    used 6017K, capacity 6421K, committed 6528K, reserved 1048576K
}
Event: 4.420 GC heap after
{Heap after GC invocations=10 (full 0):
 garbage-first heap   total 262144K, used 52799K [0x0000000080000000, 0x0000000100000000)
  region size 1024K, 20 young (20480K), 20 survivors (20480K)
 Metaspace       used 46832K, capacity 48133K, committed 48464K, reserved 1091584K
  class space    used 6017K, capacity 6421K, committed 6528K, reserved 1048576K
}
Event: 4.933 GC heap before
{Heap before GC invocations=10 (full 0):
 garbage-first heap   total 262144K, used 184895K [0x0000000080000000, 0x0000000100000000)
  region size 1024K, 146 young (149504K), 20 survivors (20480K)
 Metaspace       used 47287K, capacity 48684K, committed 48976K, reserved 1091584K
  class space    used 6025K, capacity 6454K, committed 6528K, reserved 1048576K
}
Event: 4.950 GC heap after
{Heap after GC invocations=11 (full 0):
 garbage-first heap   total 343040K, used 69429K [0x0000000080000000, 0x0000000100000000)
  region size 1024K, 13 young (13312K), 13 survivors (13312K)
 Metaspace       used 47287K, capacity 48684K, committed 48976K, reserved 1091584K
  class space    used 6025K, capacity 6454K, committed 6528K, reserved 1048576K
}

