# JRE version: OpenJDK Runtime Environment (11.0.8+10) (build 11.0.8+10-b944.6842174)
# Java VM: OpenJDK 64-Bit Server VM (11.0.8+10-b944.6842174, mixed mode, tiered, compressed oops, g1 gc, windows-amd64)
Heap:
 garbage-first heap   total 348160K, used 138752K [0x0000000080000000, 0x0000000100000000)
  region size 1024K, 88 young (90112K), 17 survivors (17408K)
 Metaspace       used 47298K, capacity 48699K, committed 49024K, reserved 1091584K
  class space    used 6031K, capacity 6458K, committed 6528K, reserved 1048576K
GC Heap History (20 events):
Event: 0.381 GC heap before
{Heap before GC invocations=0 (full 0):
 garbage-first heap   total 262144K, used 19456K [0x0000000080000000, 0x0000000100000000)
  region size 1024K, 14 young (14336K), 0 survivors (0K)
 Metaspace       used 7391K, capacity 7511K, committed 7680K, reserved 1056768K
  class space    used 671K, capacity 716K, committed 768K, reserved 1048576K
}
Event: 0.394 GC heap after
{Heap after GC invocations=1 (full 0):
 garbage-first heap   total 262144K, used 8410K [0x0000000080000000, 0x0000000100000000)
  region size 1024K, 2 young (2048K), 2 survivors (2048K)
 Metaspace       used 7391K, capacity 7511K, committed 7680K, reserved 1056768K
  class space    used 671K, capacity 716K, committed 768K, reserved 1048576K
}
Event: 0.655 GC heap before
{Heap before GC invocations=1 (full 0):
 garbage-first heap   total 262144K, used 23770K [0x0000000080000000, 0x0000000100000000)
  region size 1024K, 17 young (17408K), 2 survivors (2048K)
 Metaspace       used 10870K, capacity 11136K, committed 11264K, reserved 1058816K
  class space    used 1145K, capacity 1201K, committed 1280K, reserved 1048576K
}
Event: 0.657 GC heap after
{Heap after GC invocations=2 (full 0):
 garbage-first heap   total 262144K, used 9383K [0x0000000080000000, 0x0000000100000000)
  region size 1024K, 3 young (3072K), 3 survivors (3072K)
 Metaspace       used 10870K, capacity 11136K, committed 11264K, reserved 1058816K
  class space    used 1145K, capacity 1201K, committed 1280K, reserved 1048576K
}
Event: 0.827 GC heap before
{Heap before GC invocations=2 (full 0):
 garbage-first heap   total 262144K, used 30887K [0x0000000080000000, 0x0000000100000000)
  region size 1024K, 25 young (25600K), 3 survivors (3072K)
 Metaspace       used 10992K, capacity 11200K, committed 11520K, reserved 1058816K
  class space    used 1145K, capacity 1201K, committed 1280K, reserved 1048576K
}
Event: 0.838 GC heap after
{Heap after GC invocations=3 (full 0):
 garbage-first heap   total 262144K, used 11799K [0x0000000080000000, 0x0000000100000000)
  region size 1024K, 4 young (4096K), 4 survivors (4096K)
 Metaspace       used 10992K, capacity 11200K, committed 11520K, reserved 1058816K
  class space    used 1145K, capacity 1201K, committed 1280K, reserved 1048576K
}
Event: 1.399 GC heap before
{Heap before GC invocations=3 (full 0):
 garbage-first heap   total 262144K, used 47639K [0x0000000080000000, 0x0000000100000000)
  region size 1024K, 39 young (39936K), 4 survivors (4096K)
 Metaspace       used 17572K, capacity 18068K, committed 18176K, reserved 1064960K
  class space    used 2072K, capacity 2239K, committed 2304K, reserved 1048576K
}
Event: 1.403 GC heap after
{Heap after GC invocations=4 (full 0):
 garbage-first heap   total 262144K, used 15907K [0x0000000080000000, 0x0000000100000000)
  region size 1024K, 5 young (5120K), 5 survivors (5120K)
 Metaspace       used 17572K, capacity 18068K, committed 18176K, reserved 1064960K
  class space    used 2072K, capacity 2239K, committed 2304K, reserved 1048576K
}
Event: 1.600 GC heap before
{Heap before GC invocations=4 (full 0):
 garbage-first heap   total 262144K, used 37411K [0x0000000080000000, 0x0000000100000000)
  region size 1024K, 27 young (27648K), 5 survivors (5120K)
 Metaspace       used 20557K, capacity 21067K, committed 21248K, reserved 1067008K
  class space    used 2514K, capacity 2690K, committed 2816K, reserved 1048576K
}
Event: 1.603 GC heap after
{Heap after GC invocations=5 (full 0):
 garbage-first heap   total 262144K, used 16718K [0x0000000080000000, 0x0000000100000000)
  region size 1024K, 4 young (4096K), 4 survivors (4096K)
 Metaspace       used 20557K, capacity 21067K, committed 21248K, reserved 1067008K
  class space    used 2514K, capacity 2690K, committed 2816K, reserved 1048576K
}
Event: 2.144 GC heap before
{Heap before GC invocations=6 (full 0):
 garbage-first heap   total 262144K, used 73038K [0x0000000080000000, 0x0000000100000000)
  region size 1024K, 55 young (56320K), 4 survivors (4096K)
 Metaspace       used 26034K, capacity 26872K, committed 27008K, reserved 1073152K
  class space    used 3393K, capacity 3642K, committed 3712K, reserved 1048576K
}
Event: 2.149 GC heap after
{Heap after GC invocations=7 (full 0):
 garbage-first heap   total 262144K, used 25291K [0x0000000080000000, 0x0000000100000000)
  region size 1024K, 7 young (7168K), 7 survivors (7168K)
 Metaspace       used 26034K, capacity 26872K, committed 27008K, reserved 1073152K
  class space    used 3393K, capacity 3642K, committed 3712K, reserved 1048576K
}
Event: 2.763 GC heap before
{Heap before GC invocations=7 (full 0):
 garbage-first heap   total 262144K, used 83659K [0x0000000080000000, 0x0000000100000000)
  region size 1024K, 61 young (62464K), 7 survivors (7168K)
 Metaspace       used 34931K, capacity 35743K, committed 35840K, reserved 1081344K
  class space    used 4522K, capacity 4796K, committed 4864K, reserved 1048576K
}
Event: 2.775 GC heap after
{Heap after GC invocations=8 (full 0):
 garbage-first heap   total 262144K, used 34246K [0x0000000080000000, 0x0000000100000000)
  region size 1024K, 12 young (12288K), 12 survivors (12288K)
 Metaspace       used 34931K, capacity 35743K, committed 35840K, reserved 1081344K
  class space    used 4522K, capacity 4796K, committed 4864K, reserved 1048576K
}
Event: 3.712 GC heap before
{Heap before GC invocations=9 (full 0):
 garbage-first heap   total 262144K, used 135622K [0x0000000080000000, 0x0000000100000000)
  region size 1024K, 101 young (103424K), 12 survivors (12288K)
 Metaspace       used 43411K, capacity 44588K, committed 44928K, reserved 1087488K
  class space    used 5525K, capacity 5904K, committed 6016K, reserved 1048576K
}
Event: 3.725 GC heap after
{Heap after GC invocations=10 (full 0):
 garbage-first heap   total 262144K, used 49080K [0x0000000080000000, 0x0000000100000000)
  region size 1024K, 13 young (13312K), 13 survivors (13312K)
 Metaspace       used 43411K, capacity 44588K, committed 44928K, reserved 1087488K
  class space    used 5525K, capacity 5904K, committed 6016K, reserved 1048576K
}
Event: 4.660 GC heap before
{Heap before GC invocations=10 (full 0):
 garbage-first heap   total 262144K, used 187320K [0x0000000080000000, 0x0000000100000000)
  region size 1024K, 145 young (148480K), 13 survivors (13312K)
 Metaspace       used 47243K, capacity 48635K, committed 48768K, reserved 1091584K
  class space    used 6027K, capacity 6458K, committed 6528K, reserved 1048576K
}
Event: 4.676 GC heap after
{Heap after GC invocations=11 (full 0):
 garbage-first heap   total 348160K, used 64143K [0x0000000080000000, 0x0000000100000000)
  region size 1024K, 19 young (19456K), 19 survivors (19456K)
 Metaspace       used 47243K, capacity 48635K, committed 48768K, reserved 1091584K
  class space    used 6027K, capacity 6458K, committed 6528K, reserved 1048576K
}
Event: 5.320 GC heap before
{Heap before GC invocations=11 (full 0):
 garbage-first heap   total 348160K, used 252559K [0x0000000080000000, 0x0000000100000000)
  region size 1024K, 204 young (208896K), 19 survivors (19456K)
 Metaspace       used 47290K, capacity 48635K, committed 48768K, reserved 1091584K
  class space    used 6031K, capacity 6458K, committed 6528K, reserved 1048576K
}
Event: 5.336 GC heap after
{Heap after GC invocations=12 (full 0):
 garbage-first heap   total 348160K, used 67072K [0x0000000080000000, 0x0000000100000000)
  region size 1024K, 17 young (17408K), 17 survivors (17408K)
 Metaspace       used 47290K, capacity 48635K, committed 48768K, reserved 1091584K
  class space    used 6031K, capacity 6458K, committed 6528K, reserved 1048576K
}

